Flow report for blink
Mon Mar 15 16:01:57 2021
Quartus Prime Version 18.1.0 Build 625 09/12/2018 SJ Standard Edition


---------------------
; Table of Contents ;
---------------------
  1. Legal Notice
  2. Flow Summary
  3. Flow Settings
  4. Flow Non-Default Global Settings
  5. Flow Elapsed Time
  6. Flow OS Summary
  7. Flow Log
  8. Flow Messages
  9. Flow Suppressed Messages



----------------
; Legal Notice ;
----------------
Copyright (C) 2018  Intel Corporation. All rights reserved.
Your use of Intel Corporation's design tools, logic functions 
and other software and tools, and its AMPP partner logic 
functions, and any output files from any of the foregoing 
(including device programming or simulation files), and any 
associated documentation or information are expressly subject 
to the terms and conditions of the Intel Program License 
Subscription Agreement, the Intel Quartus Prime License Agreement,
the Intel FPGA IP License Agreement, or other applicable license
agreement, including, without limitation, that your use is for
the sole purpose of programming logic devices manufactured by
Intel and sold by Intel or its authorized distributors.  Please
refer to the applicable agreement for further details.



+-----------------------------------------------------------------------------------+
; Flow Summary                                                                      ;
+---------------------------------+-------------------------------------------------+
; Flow Status                     ; Successful - Mon Mar 15 16:01:57 2021           ;
; Quartus Prime Version           ; 18.1.0 Build 625 09/12/2018 SJ Standard Edition ;
; Revision Name                   ; blink                                           ;
; Top-level Entity Name           ; blink                                           ;
; Family                          ; Cyclone V                                       ;
; Device                          ; 5CSEMA5F31C6                                    ;
; Timing Models                   ; Final                                           ;
; Logic utilization (in ALMs)     ; 518 / 32,070 ( 2 % )                            ;
; Total registers                 ; 721                                             ;
; Total pins                      ; 12 / 457 ( 3 % )                                ;
; Total virtual pins              ; 0                                               ;
; Total block memory bits         ; 655,872 / 4,065,280 ( 16 % )                    ;
; Total DSP Blocks                ; 0 / 87 ( 0 % )                                  ;
; Total HSSI RX PCSs              ; 0                                               ;
; Total HSSI PMA RX Deserializers ; 0                                               ;
; Total HSSI TX PCSs              ; 0                                               ;
; Total HSSI PMA TX Serializers   ; 0                                               ;
; Total PLLs                      ; 0 / 6 ( 0 % )                                   ;
; Total DLLs                      ; 0 / 4 ( 0 % )                                   ;
+---------------------------------+-------------------------------------------------+


+-----------------------------------------+
; Flow Settings                           ;
+-------------------+---------------------+
; Option            ; Setting             ;
+-------------------+---------------------+
; Start date & time ; 03/15/2021 15:59:58 ;
; Main task         ; Compilation         ;
; Revision Name     ; blink               ;
+-------------------+---------------------+


+------------------------------------------------------------------------------------------------------------------------------------------------------------------------------------------+
; Flow Non-Default Global Settings                                                                                                                                                         ;
+-------------------------------------+-----------------------------------------------------------------------------------------------------+---------------+-------------+----------------+
; Assignment Name                     ; Value                                                                                               ; Default Value ; Entity Name ; Section Id     ;
+-------------------------------------+-----------------------------------------------------------------------------------------------------+---------------+-------------+----------------+
; CLOUD_NOTIFY_ENABLE                 ; Off                                                                                                 ; --            ; --          ; --             ;
; CLOUD_NOTIFY_GROUP_ID               ; dse1                                                                                                ; --            ; --          ; --             ;
; COMPILER_SIGNATURE_ID               ; 167746769737834.161580419830341                                                                     ; --            ; --          ; --             ;
; DSE_SEND_REPORT_PANEL               ; ^Timing Analyzer/(Slow|Fast)\s.*Model/(Slow|Fast)\s.*Model\s(Setup|Hold|Recovery|Removal)\sSummary$ ; --            ; --          ; --             ;
; DSE_SEND_REPORT_PANEL               ; ^Timing Analyzer/Clocks$                                                                            ; --            ; --          ; --             ;
; DSE_SEND_REPORT_PANEL               ; ^Timing Analyzer/(Slow|Fast)\s.*Model/(Slow|Fast)\s.*Model\sFmax\sSummary$                          ; --            ; --          ; --             ;
; DSE_SEND_REPORT_PANEL               ; Fitter/(Resource Section|Place Stage)/Fitter Resource Usage Summary                                 ; --            ; --          ; --             ;
; DSE_SEND_REPORT_PANEL               ; Flow Elapsed Time                                                                                   ; --            ; --          ; --             ;
; DSE_SERVER_SEND_REPORTS             ; On                                                                                                  ; --            ; --          ; --             ;
; DSE_SERVER_URL                      ; http://localhost:45905                                                                              ; --            ; --          ; --             ;
; DSE_WORKER_ID                       ; 0                                                                                                   ; --            ; --          ; --             ;
; EDA_OUTPUT_DATA_FORMAT              ; Verilog Hdl                                                                                         ; --            ; --          ; eda_simulation ;
; EDA_SIMULATION_TOOL                 ; ModelSim-Altera (Verilog)                                                                           ; <None>        ; --          ; --             ;
; EDA_TIME_SCALE                      ; 1 ps                                                                                                ; --            ; --          ; eda_simulation ;
; MAX_CORE_JUNCTION_TEMP              ; 85                                                                                                  ; --            ; --          ; --             ;
; MIN_CORE_JUNCTION_TEMP              ; 0                                                                                                   ; --            ; --          ; --             ;
; MISC_FILE                           ; soc_system/synthesis/../soc_system.cmp                                                              ; --            ; --          ; --             ;
; MISC_FILE                           ; soc_system/synthesis/../../soc_system.qsys                                                          ; --            ; --          ; --             ;
; PARTITION_COLOR                     ; -- (Not supported for targeted family)                                                              ; --            ; --          ; Top            ;
; PARTITION_FITTER_PRESERVATION_LEVEL ; -- (Not supported for targeted family)                                                              ; --            ; --          ; Top            ;
; PARTITION_NETLIST_TYPE              ; -- (Not supported for targeted family)                                                              ; --            ; --          ; Top            ;
; POWER_BOARD_THERMAL_MODEL           ; None (CONSERVATIVE)                                                                                 ; --            ; --          ; --             ;
; POWER_PRESET_COOLING_SOLUTION       ; 23 MM HEAT SINK WITH 200 LFPM AIRFLOW                                                               ; --            ; --          ; --             ;
; PROJECT_OUTPUT_DIRECTORY            ; output_files                                                                                        ; --            ; --          ; --             ;
; SLD_FILE                            ; soc_system/synthesis/soc_system.regmap                                                              ; --            ; --          ; --             ;
; SLD_FILE                            ; soc_system/synthesis/soc_system.debuginfo                                                           ; --            ; --          ; --             ;
; SLD_INFO                            ; QSYS_NAME soc_system HAS_SOPCINFO 1 GENERATION_ID 1615725668                                        ; --            ; soc_system  ; --             ;
; SOPCINFO_FILE                       ; soc_system/synthesis/../../soc_system.sopcinfo                                                      ; --            ; --          ; --             ;
; SYNTHESIS_ONLY_QIP                  ; On                                                                                                  ; --            ; --          ; --             ;
+-------------------------------------+-----------------------------------------------------------------------------------------------------+---------------+-------------+----------------+


+--------------------------------------------------------------------------------------------------------------------------+
; Flow Elapsed Time                                                                                                        ;
+----------------------+--------------+-------------------------+---------------------+------------------------------------+
; Module Name          ; Elapsed Time ; Average Processors Used ; Peak Virtual Memory ; Total CPU Time (on all processors) ;
+----------------------+--------------+-------------------------+---------------------+------------------------------------+
; Analysis & Synthesis ; 00:00:31     ; 1.0                     ; 1137 MB             ; 00:00:58                           ;
; Fitter               ; 00:00:57     ; 1.2                     ; 2507 MB             ; 00:01:41                           ;
; Assembler            ; 00:00:09     ; 1.0                     ; 985 MB              ; 00:00:07                           ;
; Timing Analyzer      ; 00:00:07     ; 1.6                     ; 1265 MB             ; 00:00:11                           ;
; EDA Netlist Writer   ; 00:00:02     ; 1.0                     ; 1173 MB             ; 00:00:03                           ;
; Total                ; 00:01:46     ; --                      ; --                  ; 00:03:00                           ;
+----------------------+--------------+-------------------------+---------------------+------------------------------------+


+-------------------------------------------------------------------------------------------+
; Flow OS Summary                                                                           ;
+----------------------+---------------------+----------------+------------+----------------+
; Module Name          ; Machine Hostname    ; OS Name        ; OS Version ; Processor type ;
+----------------------+---------------------+----------------+------------+----------------+
; Analysis & Synthesis ; khyam-OptiPlex-9020 ; Ubuntu 18.04.5 ; 18         ; x86_64         ;
; Fitter               ; khyam-OptiPlex-9020 ; Ubuntu 18.04.5 ; 18         ; x86_64         ;
; Assembler            ; khyam-OptiPlex-9020 ; Ubuntu 18.04.5 ; 18         ; x86_64         ;
; Timing Analyzer      ; khyam-OptiPlex-9020 ; Ubuntu 18.04.5 ; 18         ; x86_64         ;
; EDA Netlist Writer   ; khyam-OptiPlex-9020 ; Ubuntu 18.04.5 ; 18         ; x86_64         ;
+----------------------+---------------------+----------------+------------+----------------+


------------
; Flow Log ;
------------
quartus_map --read_settings_files=off --write_settings_files=off blink -c blink
quartus_fit --read_settings_files=off --write_settings_files=off blink -c blink
quartus_asm --read_settings_files=off --write_settings_files=off blink -c blink
quartus_sta blink -c blink
quartus_eda --read_settings_files=off --write_settings_files=off blink -c blink



